<?xml version="1.0" encoding="UTF-8"?>
<!-- Generated by org.testng.reporters.JUnitReportReporter -->
<testsuite hostname="JAHNAVI-PC" failures="0" tests="3" name="oct30.FirstTestngClass" time="1.576" errors="0" timestamp="2023-10-31T12:04:05 IST" skipped="0">
  <testcase classname="oct30.FirstTestngClass" name="pBanking" time="0.800">
    <system-out>
      <![CDATA[Personal banking]]>
    </system-out>
  </testcase> <!-- pBanking -->
  <testcase classname="oct30.FirstTestngClass" name="cBanking" time="0.361">
    <system-out>
      <![CDATA[cbanking]]>
    </system-out>
  </testcase> <!-- cBanking -->
  <testcase classname="oct30.FirstTestngClass" name="iBanking" time="0.415">
    <system-out>
      <![CDATA[ibanking]]>
    </system-out>
  </testcase> <!-- iBanking -->
  <system-out>
    <![CDATA[Before Test
Personal banking
cbanking
ibanking
Before method
Multiplication Method
After method
Before method
Addition Method
After method
Before method
Addition Method
After method
After Test]]>
  </system-out>
</testsuite> <!-- oct30.FirstTestngClass -->
