<?xml version="1.0" encoding="UTF-8"?>
<!-- Generated by org.testng.reporters.JUnitReportReporter -->
<testsuite hostname="JAHNAVI-PC" failures="0" tests="2" name="oct30.Anno_example" time="0.010" errors="0" timestamp="2023-10-30T16:10:25 IST" skipped="0">
  <testcase classname="oct30.Anno_example" name="login" time="0.008">
    <system-out>
      <![CDATA[Login]]>
    </system-out>
  </testcase> <!-- login -->
  <testcase classname="oct30.Anno_example" name="compose" time="0.002">
    <system-out>
      <![CDATA[compose]]>
    </system-out>
  </testcase> <!-- compose -->
  <system-out>
    <![CDATA[Before Test
Login
compose
After Test]]>
  </system-out>
</testsuite> <!-- oct30.Anno_example -->
