<?xml version="1.0" encoding="UTF-8"?>
<!-- Generated by org.testng.reporters.JUnitReportReporter -->
<testsuite hostname="JAHNAVI-PC" failures="0" tests="4" name="oct30.Before_Method" time="11.947" errors="0" timestamp="2023-10-31T12:04:05 IST" skipped="1">
  <testcase classname="oct30.Before_Method" name="multiplication" time="3.999">
    <system-out>
      <![CDATA[Multiplication Method]]>
    </system-out>
  </testcase> <!-- multiplication -->
  <testcase classname="oct30.Before_Method" name="addition" time="4.053">
    <system-out>
      <![CDATA[Addition Method]]>
    </system-out>
  </testcase> <!-- addition -->
  <testcase classname="oct30.Before_Method" name="addition" time="3.895">
    <system-out>
      <![CDATA[Addition Method]]>
    </system-out>
  </testcase> <!-- addition -->
  <testcase classname="oct30.Before_Method" name="division">
    <skipped/>
  </testcase> <!-- division -->
  <system-out>
    <![CDATA[Before Test
Personal banking
cbanking
ibanking
Before method
Multiplication Method
After method
Before method
Addition Method
After method
Before method
Addition Method
After method
After Test]]>
  </system-out>
</testsuite> <!-- oct30.Before_Method -->
