<?xml version="1.0" encoding="UTF-8"?>
<!-- Generated by org.testng.reporters.JUnitReportReporter -->
<testsuite hostname="JAHNAVI-PC" failures="0" tests="1" name="OrangHrm" time="9.046" errors="0" timestamp="2023-11-06T12:12:45 IST" skipped="0">
  <testcase classname="OrangHrm" name="startTest" time="9.046">
    <system-out>
      <![CDATA[Success]]>
    </system-out>
  </testcase> <!-- startTest -->
  <system-out>
    <![CDATA[Success]]>
  </system-out>
</testsuite> <!-- OrangHrm -->
